RUN 000001 COMPLETED. OUTPUT IN FILE hydrogen.dat.
RUN 000002 COMPLETED. OUTPUT IN FILE helium.dat.
RUN 000003 COMPLETED. OUTPUT IN FILE lithium.dat.
RUN 000004 COMPLETED. OUTPUT IN FILE beryllium.dat.
RUN 000005 COMPLETED. OUTPUT IN FILE boron.dat.
RUN 000006 COMPLETED. OUTPUT IN FILE carbon.dat.
RUN 000007 COMPLETED. OUTPUT IN FILE nitogen.dat.
RUN 000008 COMPLETED. OUTPUT IN FILE oxygen.dat.
RUN 000009 COMPLETED. OUTPUT IN FILE fluorine.dat.
RUN 000010 COMPLETED. OUTPUT IN FILE neon.dat.
RUN 000011 COMPLETED. OUTPUT IN FILE sodium.dat.
RUN 000012 COMPLETED. OUTPUT IN FILE magnesium.dat.
RUN 000013 COMPLETED. OUTPUT IN FILE aluminium.dat.
RUN 000014 COMPLETED. OUTPUT IN FILE silicon.dat.
RUN 000015 COMPLETED. OUTPUT IN FILE phosphorus.dat.
RUN 000016 COMPLETED. OUTPUT IN FILE sulphur.dat.
RUN 000017 COMPLETED. OUTPUT IN FILE chlorine.dat.
RUN 000018 COMPLETED. OUTPUT IN FILE argon.dat.
RUN 000019 COMPLETED. OUTPUT IN FILE potassium.dat.
RUN 000020 COMPLETED. OUTPUT IN FILE calcium.dat.
RUN 000021 COMPLETED. OUTPUT IN FILE scandium.dat.
RUN 000022 COMPLETED. OUTPUT IN FILE titanium.dat.
RUN 000023 COMPLETED. OUTPUT IN FILE vanadium.dat.
RUN 000024 COMPLETED. OUTPUT IN FILE chromium.dat.
RUN 000025 COMPLETED. OUTPUT IN FILE manganese.dat.
RUN 000026 COMPLETED. OUTPUT IN FILE iron.dat.
RUN 000027 COMPLETED. OUTPUT IN FILE cobalt.dat.
RUN 000028 COMPLETED. OUTPUT IN FILE nickel.dat.
RUN 000029 COMPLETED. OUTPUT IN FILE copper.dat.
RUN 000030 COMPLETED. OUTPUT IN FILE zinc.dat.
RUN 000031 COMPLETED. OUTPUT IN FILE gallium.dat.
RUN 000032 COMPLETED. OUTPUT IN FILE germanium.dat.
RUN 000033 COMPLETED. OUTPUT IN FILE arsenic.dat.
RUN 000034 COMPLETED. OUTPUT IN FILE selenium.dat.
RUN 000035 COMPLETED. OUTPUT IN FILE bromine.dat.
RUN 000036 COMPLETED. OUTPUT IN FILE krypton.dat.
RUN 000037 COMPLETED. OUTPUT IN FILE rubidium.dat.
RUN 000038 COMPLETED. OUTPUT IN FILE strontium.dat.
RUN 000039 COMPLETED. OUTPUT IN FILE yttrium.dat. 1 UNDERFLOW WARNING.
RUN 000040 COMPLETED. OUTPUT IN FILE zirconium.dat. 2 UNDERFLOW WARNINGS.
RUN 000041 COMPLETED. OUTPUT IN FILE niobium.dat. 3 UNDERFLOW WARNINGS.
RUN 000042 COMPLETED. OUTPUT IN FILE molybdenum.dat. 4 UNDERFLOW WARNINGS.
RUN 000043 COMPLETED. OUTPUT IN FILE technetium.dat. 5 UNDERFLOW WARNINGS.
RUN 000044 COMPLETED. OUTPUT IN FILE ruthenium.dat. 5 UNDERFLOW WARNINGS.
RUN 000045 COMPLETED. OUTPUT IN FILE rhodium.dat. 4 UNDERFLOW WARNINGS.
RUN 000046 COMPLETED. OUTPUT IN FILE palladium.dat. 3 UNDERFLOW WARNINGS.
RUN 000047 COMPLETED. OUTPUT IN FILE silver.dat. 2 UNDERFLOW WARNINGS.
RUN 000048 COMPLETED. OUTPUT IN FILE cadmium.dat. 1 UNDERFLOW WARNING.
RUN 000049 COMPLETED. OUTPUT IN FILE indium.dat.
RUN 000050 COMPLETED. OUTPUT IN FILE tin.dat.
RUN 000051 COMPLETED. OUTPUT IN FILE antimony.dat.
RUN 000052 COMPLETED. OUTPUT IN FILE tellurium.dat.
RUN 000053 COMPLETED. OUTPUT IN FILE iodine.dat.
RUN 000054 COMPLETED. OUTPUT IN FILE xenon.dat.
RUN 000055 COMPLETED. OUTPUT IN FILE caesium.dat.
RUN 000056 COMPLETED. OUTPUT IN FILE barium.dat.
RUN 000057 COMPLETED. OUTPUT IN FILE lanthanum.dat. ALGORITHM DID NOT CONVERGE AFTER 100000 ITERATIONS.
RUN 000058 COMPLETED. OUTPUT IN FILE cerium.dat. ALGORITHM DID NOT CONVERGE AFTER 100000 ITERATIONS.
RUN 000059 COMPLETED. OUTPUT IN FILE praesodymium.dat. ALGORITHM DID NOT CONVERGE AFTER 100000 ITERATIONS.
RUN 000060 COMPLETED. OUTPUT IN FILE neodymium.dat. ALGORITHM DID NOT CONVERGE AFTER 100000 ITERATIONS.
RUN 000061 COMPLETED. OUTPUT IN FILE promethium.dat. ALGORITHM DID NOT CONVERGE AFTER 100000 ITERATIONS.
RUN 000062 COMPLETED. OUTPUT IN FILE samarium.dat. ALGORITHM DID NOT CONVERGE AFTER 100000 ITERATIONS.
RUN 000063 COMPLETED. OUTPUT IN FILE europium.dat. ALGORITHM DID NOT CONVERGE AFTER 100000 ITERATIONS.
RUN 000064 COMPLETED. OUTPUT IN FILE gadolinium.dat. OVERFLOW ERROR.
RUN 000065 COMPLETED. OUTPUT IN FILE terbium.dat. ALGORITHM DID NOT CONVERGE AFTER 100000 ITERATIONS.
RUN 000066 COMPLETED. OUTPUT IN FILE dysprosium.dat. ALGORITHM DID NOT CONVERGE AFTER 100000 ITERATIONS.
RUN 000067 COMPLETED. OUTPUT IN FILE holmium.dat. ALGORITHM DID NOT CONVERGE AFTER 100000 ITERATIONS.
RUN 000068 COMPLETED. OUTPUT IN FILE erbium.dat. ALGORITHM DID NOT CONVERGE AFTER 100000 ITERATIONS.
RUN 000069 COMPLETED. OUTPUT IN FILE thulium.dat. ALGORITHM DID NOT CONVERGE AFTER 100000 ITERATIONS.
RUN 000070 COMPLETED. OUTPUT IN FILE ytterbium.dat. ALGORITHM DID NOT CONVERGE AFTER 100000 ITERATIONS.
RUN 000071 COMPLETED. OUTPUT IN FILE lutetium.dat. ALGORITHM DID NOT CONVERGE AFTER 100000 ITERATIONS.
RUN 000072 COMPLETED. OUTPUT IN FILE hafnium.dat. 2 UNDERFLOW WARNINGS.
RUN 000073 COMPLETED. OUTPUT IN FILE tantalum.dat. 3 UNDERFLOW WARNINGS.
RUN 000074 COMPLETED. OUTPUT IN FILE tungsten.dat. 4 UNDERFLOW WARNINGS.
RUN 000075 COMPLETED. OUTPUT IN FILE rhenium.dat. 5 UNDERFLOW WARNINGS.
RUN 000076 COMPLETED. OUTPUT IN FILE osmium.dat. 5 UNDERFLOW WARNINGS.
RUN 000077 COMPLETED. OUTPUT IN FILE iridium.dat. 4 UNDERFLOW WARNINGS.
RUN 000078 COMPLETED. OUTPUT IN FILE platinum.dat. 3 UNDERFLOW WARNINGS.
RUN 000079 COMPLETED. OUTPUT IN FILE gold.dat. 2 UNDERFLOW WARNINGS.
RUN 000080 COMPLETED. OUTPUT IN FILE mercury.dat. 1 UNDERFLOW WARNING.
RUN 000081 COMPLETED. OUTPUT IN FILE thallium.dat.
RUN 000082 COMPLETED. OUTPUT IN FILE lead.dat.
RUN 000083 COMPLETED. OUTPUT IN FILE bismuth.dat.
RUN 000084 COMPLETED. OUTPUT IN FILE polonium.dat.
RUN 000085 COMPLETED. OUTPUT IN FILE astatine.dat.
RUN 000086 COMPLETED. OUTPUT IN FILE radon.dat.
RUN 000087 COMPLETED. OUTPUT IN FILE francium.dat.
RUN 000088 COMPLETED. OUTPUT IN FILE radium.dat.
RUN 000089 COMPLETED. OUTPUT IN FILE actinium.dat. ALGORITHM DID NOT CONVERGE AFTER 100000 ITERATIONS.
RUN 000090 COMPLETED. OUTPUT IN FILE thorium.dat. ALGORITHM DID NOT CONVERGE AFTER 100000 ITERATIONS.
RUN 000091 COMPLETED. OUTPUT IN FILE protactinium.dat. ALGORITHM DID NOT CONVERGE AFTER 100000 ITERATIONS.
RUN 000092 COMPLETED. OUTPUT IN FILE uranium.dat. ALGORITHM DID NOT CONVERGE AFTER 100000 ITERATIONS.
